d:\my program\managersystem\duilib\build\debug_u\duilib.pch
d:\my program\managersystem\duilib\unicodedebug\vc120.pdb
d:\my program\managersystem\duilib\unicodedebug\vc120.idb
d:\my program\managersystem\duilib\unicodedebug\stdafx.obj
d:\my program\managersystem\duilib\unicodedebug\uihorizontallayout.obj
d:\my program\managersystem\duilib\unicodedebug\uitablayout.obj
d:\my program\managersystem\duilib\unicodedebug\uitilelayout.obj
d:\my program\managersystem\duilib\unicodedebug\uiverticallayout.obj
d:\my program\managersystem\duilib\unicodedebug\uiactivex.obj
d:\my program\managersystem\duilib\unicodedebug\uibutton.obj
d:\my program\managersystem\duilib\unicodedebug\uicheckbox.obj
d:\my program\managersystem\duilib\unicodedebug\uicombo.obj
d:\my program\managersystem\duilib\unicodedebug\uidatetime.obj
d:\my program\managersystem\duilib\unicodedebug\uiedit.obj
d:\my program\managersystem\duilib\unicodedebug\uigifanim.obj
d:\my program\managersystem\duilib\unicodedebug\uilabel.obj
d:\my program\managersystem\duilib\unicodedebug\uilist.obj
d:\my program\managersystem\duilib\unicodedebug\uioption.obj
d:\my program\managersystem\duilib\unicodedebug\uiprogress.obj
d:\my program\managersystem\duilib\unicodedebug\uirichedit.obj
d:\my program\managersystem\duilib\unicodedebug\uiscrollbar.obj
d:\my program\managersystem\duilib\unicodedebug\uislider.obj
d:\my program\managersystem\duilib\unicodedebug\uitext.obj
d:\my program\managersystem\duilib\unicodedebug\uiwebbrowser.obj
d:\my program\managersystem\duilib\unicodedebug\uitreeview.obj
d:\my program\managersystem\duilib\unicodedebug\uilib.obj
d:\my program\managersystem\duilib\unicodedebug\winimplbase.obj
d:\my program\managersystem\duilib\unicodedebug\uidelegate.obj
d:\my program\managersystem\duilib\unicodedebug\utils.obj
d:\my program\managersystem\duilib\unicodedebug\wndshadow.obj
d:\my program\managersystem\duilib\unicodedebug\uibase.obj
d:\my program\managersystem\duilib\unicodedebug\uicontainer.obj
d:\my program\managersystem\duilib\unicodedebug\uicontrol.obj
d:\my program\managersystem\duilib\unicodedebug\uidlgbuilder.obj
d:\my program\managersystem\duilib\unicodedebug\uimanager.obj
d:\my program\managersystem\duilib\unicodedebug\uimarkup.obj
d:\my program\managersystem\duilib\unicodedebug\uirender.obj
d:\my program\managersystem\duilib\unicodedebug\uichildlayout.obj
d:\my program\managersystem\duilib\unicodedebug\stb_image.obj
d:\my program\managersystem\duilib\unicodedebug\xunzip.obj
d:\my program\managersystem\lib\duilib_ud.lib
d:\my program\managersystem\lib\duilib_ud.exp
d:\my program\managersystem\bin\duilib_ud.dll
d:\my program\managersystem\bin\duilib_ud.pdb
d:\my program\managersystem\duilib\..\bin\duilib_ud.dll
d:\my program\managersystem\duilib\unicodedebug\duilib.tlog\cl.command.1.tlog
d:\my program\managersystem\duilib\unicodedebug\duilib.tlog\cl.read.1.tlog
d:\my program\managersystem\duilib\unicodedebug\duilib.tlog\cl.write.1.tlog
d:\my program\managersystem\duilib\unicodedebug\duilib.tlog\duilib.write.1u.tlog
d:\my program\managersystem\duilib\unicodedebug\duilib.tlog\link.command.1.tlog
d:\my program\managersystem\duilib\unicodedebug\duilib.tlog\link.read.1.tlog
d:\my program\managersystem\duilib\unicodedebug\duilib.tlog\link.write.1.tlog
